#
# A fatal error has been detected by the Java Runtime Environment:
#
#  EXCEPTION_ACCESS_VIOLATION (0xc0000005) at pc=0x00007ffa8ed15888, pid=31628, tid=28088
#
# JRE version: Java(TM) SE Runtime Environment (21.0.1+12) (build 21.0.1+12-LTS-29)
# Java VM: Java HotSpot(TM) 64-Bit Server VM (21.0.1+12-LTS-29, mixed mode, sharing, tiered, compressed oops, compressed class ptrs, g1 gc, windows-amd64)
# Problematic frame:
# C  [ucrtbase.dll+0x5888]
#
# No core dump will be written. Minidumps are not enabled by default on client versions of Windows
#
# If you would like to submit a bug report, please visit:
#   https://bugreport.java.com/bugreport/crash.jsp
# The crash happened outside the Java Virtual Machine in native code.
# See problematic frame for where to report the bug.
#

---------------  S U M M A R Y ------------

Command Line: -Dfile.encoding=UTF-8 --module-path=C:\Users\PRAJNA\Documents\NetBeansProjects\Placement management system\build\classes placement.management.system.AddStudent

Host: 13th Gen Intel(R) Core(TM) i5-1335U, 12 cores, 15G,  Windows 11 , 64 bit Build 22621 (10.0.22621.2506)
Time: Thu Feb 29 23:12:38 2024 India Standard Time elapsed time: 0.269325 seconds (0d 0h 0m 0s)

---------------  T H R E A D  ---------------

Current thread (0x0000027cfd7dbb10):  JavaThread "AWT-EventQueue-0"        [_thread_in_native, id=28088, stack(0x00000085dcf00000,0x00000085dd000000) (1024K)]

Stack: [0x00000085dcf00000,0x00000085dd000000],  sp=0x00000085dcffbd30,  free space=1007k
Native frames: (J=compiled Java code, j=interpreted, Vv=VM code, C=native code)
C  [ucrtbase.dll+0x5888]
C  [ucrtbase.dll+0x634c]
C  [ucrtbase.dll+0x504d]
C  [ucrtbase.dll+0x4ef4]
C  [ucrtbase.dll+0x3403]
C  [ucrtbase.dll+0x332b]
C  [ucrtbase.dll+0x32db]
C  [awt.dll+0x74dcd]

Java frames: (J=compiled Java code, j=interpreted, Vv=VM code)
j  sun.font.FreetypeFontScaler.initNativeScaler(Lsun/font/Font2D;IIZI)J+0 java.desktop@21.0.1
j  sun.font.FreetypeFontScaler.<init>(Lsun/font/Font2D;IZI)V+26 java.desktop@21.0.1
j  sun.font.FontScaler.getScaler(Lsun/font/Font2D;IZI)Lsun/font/FontScaler;+11 java.desktop@21.0.1
j  sun.font.TrueTypeFont.getScaler()Lsun/font/FontScaler;+21 java.desktop@21.0.1
j  sun.font.FileFontStrike.<init>(Lsun/font/FileFont;Lsun/font/FontStrikeDesc;)V+177 java.desktop@21.0.1
j  sun.font.FileFont.createStrike(Lsun/font/FontStrikeDesc;)Lsun/font/FontStrike;+6 java.desktop@21.0.1
j  sun.font.Font2D.getStrike(Lsun/font/FontStrikeDesc;Z)Lsun/font/FontStrike;+85 java.desktop@21.0.1
j  sun.font.Font2D.getStrike(Lsun/font/FontStrikeDesc;)Lsun/font/FontStrike;+3 java.desktop@21.0.1
j  sun.font.CompositeStrike.getStrikeForSlot(I)Lsun/font/PhysicalStrike;+34 java.desktop@21.0.1
j  sun.font.CompositeStrike.getFontMetrics()Lsun/font/StrikeMetrics;+31 java.desktop@21.0.1
j  sun.font.FontDesignMetrics.initMatrixAndMetrics()V+28 java.desktop@21.0.1
j  sun.font.FontDesignMetrics.<init>(Ljava/awt/Font;Ljava/awt/font/FontRenderContext;)V+62 java.desktop@21.0.1
j  sun.font.FontDesignMetrics.getMetrics(Ljava/awt/Font;Ljava/awt/font/FontRenderContext;)Lsun/font/FontDesignMetrics;+128 java.desktop@21.0.1
j  sun.swing.SwingUtilities2.getFontMetrics(Ljavax/swing/JComponent;Ljava/awt/Font;)Ljava/awt/FontMetrics;+15 java.desktop@21.0.1
j  javax.swing.JComponent.getFontMetrics(Ljava/awt/Font;)Ljava/awt/FontMetrics;+2 java.desktop@21.0.1
j  sun.swing.SwingUtilities2.getFontMetrics(Ljavax/swing/JComponent;Ljava/awt/Graphics;Ljava/awt/Font;)Ljava/awt/FontMetrics;+6 java.desktop@21.0.1
j  sun.swing.SwingUtilities2.getFontMetrics(Ljavax/swing/JComponent;Ljava/awt/Graphics;)Ljava/awt/FontMetrics;+6 java.desktop@21.0.1
j  javax.swing.plaf.basic.BasicLabelUI.paint(Ljava/awt/Graphics;Ljavax/swing/JComponent;)V+44 java.desktop@21.0.1
j  javax.swing.plaf.ComponentUI.update(Ljava/awt/Graphics;Ljavax/swing/JComponent;)V+32 java.desktop@21.0.1
j  javax.swing.JComponent.paintComponent(Ljava/awt/Graphics;)V+26 java.desktop@21.0.1
j  javax.swing.JComponent.paint(Ljava/awt/Graphics;)V+286 java.desktop@21.0.1
j  javax.swing.JComponent.paintChildren(Ljava/awt/Graphics;)V+516 java.desktop@21.0.1
j  javax.swing.JComponent.paint(Ljava/awt/Graphics;)V+318 java.desktop@21.0.1
j  javax.swing.JComponent.paintChildren(Ljava/awt/Graphics;)V+516 java.desktop@21.0.1
j  javax.swing.JComponent.paint(Ljava/awt/Graphics;)V+318 java.desktop@21.0.1
j  javax.swing.JLayeredPane.paint(Ljava/awt/Graphics;)V+73 java.desktop@21.0.1
j  javax.swing.JComponent.paintChildren(Ljava/awt/Graphics;)V+516 java.desktop@21.0.1
j  javax.swing.JComponent.paintToOffscreen(Ljava/awt/Graphics;IIIIII)V+72 java.desktop@21.0.1
j  javax.swing.RepaintManager$PaintManager.paintDoubleBufferedFPScales(Ljavax/swing/JComponent;Ljava/awt/Image;Ljava/awt/Graphics;IIII)V+320 java.desktop@21.0.1
j  javax.swing.RepaintManager$PaintManager.paintDoubleBuffered(Ljavax/swing/JComponent;Ljava/awt/Image;Ljava/awt/Graphics;IIII)V+28 java.desktop@21.0.1
j  javax.swing.RepaintManager$PaintManager.paint(Ljavax/swing/JComponent;Ljavax/swing/JComponent;Ljava/awt/Graphics;IIII)Z+128 java.desktop@21.0.1
j  javax.swing.RepaintManager.paint(Ljavax/swing/JComponent;Ljavax/swing/JComponent;Ljava/awt/Graphics;IIII)V+52 java.desktop@21.0.1
j  javax.swing.JComponent.paint(Ljava/awt/Graphics;)V+221 java.desktop@21.0.1
j  java.awt.GraphicsCallback$PaintCallback.run(Ljava/awt/Component;Ljava/awt/Graphics;)V+2 java.desktop@21.0.1
j  sun.awt.SunGraphicsCallback.runOneComponent(Ljava/awt/Component;Ljava/awt/Rectangle;Ljava/awt/Graphics;Ljava/awt/Shape;I)V+130 java.desktop@21.0.1
j  sun.awt.SunGraphicsCallback.runComponents([Ljava/awt/Component;Ljava/awt/Graphics;I)V+157 java.desktop@21.0.1
j  java.awt.Container.paint(Ljava/awt/Graphics;)V+58 java.desktop@21.0.1
j  java.awt.Window.paint(Ljava/awt/Graphics;)V+68 java.desktop@21.0.1
j  javax.swing.RepaintManager$4.run()Ljava/lang/Void;+142 java.desktop@21.0.1
j  javax.swing.RepaintManager$4.run()Ljava/lang/Object;+1 java.desktop@21.0.1
j  java.security.AccessController.executePrivileged(Ljava/security/PrivilegedAction;Ljava/security/AccessControlContext;Ljava/lang/Class;)Ljava/lang/Object;+29 java.base@21.0.1
j  java.security.AccessController.doPrivileged(Ljava/security/PrivilegedAction;Ljava/security/AccessControlContext;)Ljava/lang/Object;+13 java.base@21.0.1
j  java.security.ProtectionDomain$JavaSecurityAccessImpl.doIntersectionPrivilege(Ljava/security/PrivilegedAction;Ljava/security/AccessControlContext;Ljava/security/AccessControlContext;)Ljava/lang/Object;+18 java.base@21.0.1
j  javax.swing.RepaintManager.paintDirtyRegions(Ljava/util/Map;)V+154 java.desktop@21.0.1
j  javax.swing.RepaintManager.paintDirtyRegions()V+46 java.desktop@21.0.1
j  javax.swing.RepaintManager.prePaintDirtyRegions()V+73 java.desktop@21.0.1
j  javax.swing.RepaintManager$ProcessingRunnable.run()V+37 java.desktop@21.0.1
j  java.awt.event.InvocationEvent.dispatch()V+47 java.desktop@21.0.1
j  java.awt.EventQueue.dispatchEventImpl(Ljava/awt/AWTEvent;Ljava/lang/Object;)V+21 java.desktop@21.0.1
j  java.awt.EventQueue$4.run()Ljava/lang/Void;+32 java.desktop@21.0.1
j  java.awt.EventQueue$4.run()Ljava/lang/Object;+1 java.desktop@21.0.1
j  java.security.AccessController.executePrivileged(Ljava/security/PrivilegedAction;Ljava/security/AccessControlContext;Ljava/lang/Class;)Ljava/lang/Object;+29 java.base@21.0.1
j  java.security.AccessController.doPrivileged(Ljava/security/PrivilegedAction;Ljava/security/AccessControlContext;)Ljava/lang/Object;+13 java.base@21.0.1
j  java.security.ProtectionDomain$JavaSecurityAccessImpl.doIntersectionPrivilege(Ljava/security/PrivilegedAction;Ljava/security/AccessControlContext;Ljava/security/AccessControlContext;)Ljava/lang/Object;+18 java.base@21.0.1
j  java.awt.EventQueue.dispatchEvent(Ljava/awt/AWTEvent;)V+46 java.desktop@21.0.1
j  java.awt.EventDispatchThread.pumpOneEventForFilters(I)V+81 java.desktop@21.0.1
j  java.awt.EventDispatchThread.pumpEventsForFilter(ILjava/awt/Conditional;Ljava/awt/EventFilter;)V+35 java.desktop@21.0.1
j  java.awt.EventDispatchThread.pumpEventsForHierarchy(ILjava/awt/Conditional;Ljava/awt/Component;)V+11 java.desktop@21.0.1
j  java.awt.EventDispatchThread.pumpEvents(ILjava/awt/Conditional;)V+4 java.desktop@21.0.1
j  java.awt.EventDispatchThread.pumpEvents(Ljava/awt/Conditional;)V+3 java.desktop@21.0.1
j  java.awt.EventDispatchThread.run()V+9 java.desktop@21.0.1
v  ~StubRoutines::call_stub 0x0000027c8753100d

siginfo: EXCEPTION_ACCESS_VIOLATION (0xc0000005), writing address 0x0000000000000000


Registers:
RAX=0x0000027ceacb2a6a, RBX=0x00007ffa8ee0f550, RCX=0x0000000000000000, RDX=0x0000027ceacb2aa0
RSP=0x00000085dcffbd30, RBP=0x0000000000000000, RSI=0x00000085dcffc370, RDI=0x0000000000000000
R8 =0x00000085dcffc370, R9 =0x0000000000002282, R10=0x0000000000000002, R11=0x00007ffa8ee10990
R12=0x0000000000000000, R13=0x00007ffa40682030, R14=0x00000085dcffc290, R15=0x00007ffa8edec530
RIP=0x00007ffa8ed15888, EFLAGS=0x0000000000010246


Register to memory mapping:

RAX=0x0000027ceacb2a6a points into unknown readable memory: 00 00 00 00 00 00
RBX=0x00007ffa8ee0f550 ucrtbase.dll
RCX=0x0 is null
RDX=0x0000027ceacb2aa0 points into unknown readable memory: 0xffffffffffffffff | ff ff ff ff ff ff ff ff
RSP=0x00000085dcffbd30 is pointing into the stack for thread: 0x0000027cfd7dbb10
RBP=0x0 is null
RSI=0x00000085dcffc370 is pointing into the stack for thread: 0x0000027cfd7dbb10
RDI=0x0 is null
R8 =0x00000085dcffc370 is pointing into the stack for thread: 0x0000027cfd7dbb10
R9 =0x0000000000002282 is an unknown value
R10=0x0000000000000002 is an unknown value
R11=0x00007ffa8ee10990 ucrtbase.dll
R12=0x0 is null
R13=0x00007ffa40682030 freetype.dll
R14=0x00000085dcffc290 is pointing into the stack for thread: 0x0000027cfd7dbb10
R15=0x00007ffa8edec530 ucrtbase.dll

Top of Stack: (sp=0x00000085dcffbd30)
0x00000085dcffbd30:   00000000000003d8 0000000000000001
0x00000085dcffbd40:   00000000000003d8 0000000000000001
0x00000085dcffbd50:   00000085dcffc370 00007ffa8ed1634c
0x00000085dcffbd60:   0000027cfd311c6a 00007ffa8ee0f550
0x00000085dcffbd70:   0000000000000000 000000000000006a
0x00000085dcffbd80:   00000085dcffc370 00007ffa8ed1504d
0x00000085dcffbd90:   00000085dcffbe30 00000000ffffffff
0x00000085dcffbda0:   0000027cfd31d388 0000027cfd31d400
0x00000085dcffbdb0:   00000000000000d8 00007ffa8ed14ef4
0x00000085dcffbdc0:   0000027cfd311cd0 0000027cfd7dbb10
0x00000085dcffbdd0:   0000027cfd588260 0000027cfd31d300
0x00000085dcffbde0:   0000027cfd31d388 0000000000000000
0x00000085dcffbdf0:   00000085dcffc370 00007ffa8ee0f550
0x00000085dcffbe00:   0000000000000000 00007ffa8ed13403
0x00000085dcffbe10:   00000085dcffc3e0 00000085dcffbf10
0x00000085dcffbe20:   00000085dcffc400 0000027cfd7dbb10
0x00000085dcffbe30:   0000000000000024 00000085dcffc370
0x00000085dcffbe40:   00007ffa407b16b1 00000085dcffc420
0x00000085dcffbe50:   0000000000000000 0000000000000000
0x00000085dcffbe60:   0000027c00000000 00007ffa209c6a00
0x00000085dcffbe70:   0000027c80101910 0000000000000000
0x00000085dcffbe80:   00000085dcffbfb0 0000027c80101910
0x00000085dcffbe90:   0000027c80101910 0000000000000000
0x00000085dcffbea0:   0000027c80101ac0 0000027c80101ac0
0x00000085dcffbeb0:   0000027c80101910 0000027c80101d3b
0x00000085dcffbec0:   00000085dcff005b 0000027c80101ab4
0x00000085dcffbed0:   00000085dcff0000 0000027c80101ac0
0x00000085dcffbee0:   0000027c80101ac0 0000027c80101d00
0x00000085dcffbef0:   0000027c80101ac0 0000027c80101d00
0x00000085dcffbf00:   0000027c80101d40 00007ffa20c28fc8
0x00000085dcffbf10:   0000000000000000 00007ffa20457b62
0x00000085dcffbf20:   0000027cfd7dbb10 00007ffa208f4371 

Instructions: (pc=0x00007ffa8ed15888)
0x00007ffa8ed15788:   89 03 89 7b 10 8b 43 14 90 a8 04 75 11 8b 43 14
0x00007ffa8ed15798:   90 83 e0 41 3c 41 0f 84 02 76 05 00 eb 05 f0 83
0x00007ffa8ed157a8:   63 14 fc 8b 4b 18 4c 8b ce 44 8b c5 49 8b d6 90
0x00007ffa8ed157b8:   e8 37 1c 02 00 48 83 f8 ff 40 0f 95 c7 8d 47 ff
0x00007ffa8ed157c8:   48 8b 5c 24 30 48 8b 6c 24 38 48 8b 74 24 40 48
0x00007ffa8ed157d8:   8b 7c 24 48 48 83 c4 20 41 5e c3 41 c6 41 30 01
0x00007ffa8ed157e8:   83 c8 ff 41 c7 41 2c 16 00 00 00 eb d3 cc cc cc
0x00007ffa8ed157f8:   cc cc cc cc 48 8b c4 48 89 58 10 48 89 68 18 48
0x00007ffa8ed15808:   89 70 20 88 48 08 57 48 83 ec 20 48 8b ca 49 8b
0x00007ffa8ed15818:   f0 48 8b da e8 af 25 00 00 8b 4b 14 90 4c 63 d0
0x00007ffa8ed15828:   f6 c1 c0 74 75 8b 3b 33 ed 48 8b 53 08 2b 7b 08
0x00007ffa8ed15838:   48 8d 42 01 48 89 03 8b 43 20 ff c8 89 43 10 85
0x00007ffa8ed15848:   ff 7f 72 41 8d 42 02 83 f8 01 76 7b 49 8b ca 48
0x00007ffa8ed15858:   8d 15 32 b1 0f 00 49 8b c2 48 c1 f8 06 83 e1 3f
0x00007ffa8ed15868:   48 8b 04 c2 48 8d 0c c9 48 8d 14 c8 f6 42 38 20
0x00007ffa8ed15878:   0f 85 46 18 05 00 48 8b 4b 08 3b ef 8a 44 24 30
0x00007ffa8ed15888:   88 01 0f 94 c0 48 8b 5c 24 38 48 8b 6c 24 40 48
0x00007ffa8ed15898:   8b 74 24 48 48 83 c4 20 5f c3 4c 8b ce 48 8d 54
0x00007ffa8ed158a8:   24 30 41 b8 01 00 00 00 41 8b ca e8 f0 05 00 00
0x00007ffa8ed158b8:   83 f8 01 eb cd 4c 8b ce 44 8b c7 41 8b ca e8 dd
0x00007ffa8ed158c8:   05 00 00 8b e8 eb af 48 8d 15 5a a3 0f 00 eb 9c
0x00007ffa8ed158d8:   cc cc cc cc cc cc cc cc 48 89 5c 24 08 48 89 74
0x00007ffa8ed158e8:   24 10 57 48 83 ec 20 48 8d 59 08 48 8b f9 48 8b
0x00007ffa8ed158f8:   cb e8 52 02 00 00 8b d0 83 f8 ff 74 3c 0f b6 47
0x00007ffa8ed15908:   38 3b d0 75 2c 0f b6 f2 e8 cb 27 00 00 45 33 c0
0x00007ffa8ed15918:   66 44 39 04 70 0f 8c 9d 74 05 00 41 b0 01 41 8a
0x00007ffa8ed15928:   c0 48 8b 5c 24 30 48 8b 74 24 38 48 83 c4 20 5f
0x00007ffa8ed15938:   c3 48 8b cb e8 4f ea ff ff 32 c0 eb e4 cc cc cc
0x00007ffa8ed15948:   cc cc cc cc 48 89 5c 24 08 48 89 6c 24 10 48 89
0x00007ffa8ed15958:   74 24 18 57 41 54 41 55 41 56 41 57 48 83 ec 40
0x00007ffa8ed15968:   4c 8b f9 45 0f b6 e9 48 8b ca 41 8b e8 48 8b f2
0x00007ffa8ed15978:   e8 e7 e5 ff ff 33 ff 84 c0 0f 84 31 75 05 00 8d 


Stack slot to memory mapping:

stack at sp + 0 slots: 0x00000000000003d8 is an unknown value
stack at sp + 1 slots: 0x0000000000000001 is an unknown value
stack at sp + 2 slots: 0x00000000000003d8 is an unknown value
stack at sp + 3 slots: 0x0000000000000001 is an unknown value
stack at sp + 4 slots: 0x00000085dcffc370 is pointing into the stack for thread: 0x0000027cfd7dbb10
stack at sp + 5 slots: 0x00007ffa8ed1634c ucrtbase.dll
stack at sp + 6 slots: 0x0000027cfd311c6a points into unknown readable memory: 00 00 00 00 00 00
stack at sp + 7 slots: 0x00007ffa8ee0f550 ucrtbase.dll


---------------  P R O C E S S  ---------------

Threads class SMR info:
_java_thread_list=0x0000027cfd7f1690, length=15, elements={
0x0000027cfd2edab0, 0x0000027cfd2ee9d0, 0x0000027cfd2f0ad0, 0x0000027cfd2f66d0,
0x0000027cfd2f7130, 0x0000027cfd2f8f00, 0x0000027cfd2fc600, 0x0000027cfd30ee10,
0x0000027cfd53b070, 0x0000027cfd590f30, 0x0000027cfd75d830, 0x0000027cfd7619a0,
0x0000027cfd767520, 0x0000027cfd7dbb10, 0x0000027cece792f0
}

Java Threads: ( => current thread )
  0x0000027cfd2edab0 JavaThread "Reference Handler"          daemon [_thread_blocked, id=25876, stack(0x00000085dc200000,0x00000085dc300000) (1024K)]
  0x0000027cfd2ee9d0 JavaThread "Finalizer"                  daemon [_thread_blocked, id=24456, stack(0x00000085dc300000,0x00000085dc400000) (1024K)]
  0x0000027cfd2f0ad0 JavaThread "Signal Dispatcher"          daemon [_thread_blocked, id=5684, stack(0x00000085dc400000,0x00000085dc500000) (1024K)]
  0x0000027cfd2f66d0 JavaThread "Attach Listener"            daemon [_thread_blocked, id=16224, stack(0x00000085dc500000,0x00000085dc600000) (1024K)]
  0x0000027cfd2f7130 JavaThread "Service Thread"             daemon [_thread_blocked, id=6356, stack(0x00000085dc600000,0x00000085dc700000) (1024K)]
  0x0000027cfd2f8f00 JavaThread "Monitor Deflation Thread"   daemon [_thread_blocked, id=84, stack(0x00000085dc700000,0x00000085dc800000) (1024K)]
  0x0000027cfd2fc600 JavaThread "C2 CompilerThread0"         daemon [_thread_blocked, id=23432, stack(0x00000085dc800000,0x00000085dc900000) (1024K)]
  0x0000027cfd30ee10 JavaThread "C1 CompilerThread0"         daemon [_thread_blocked, id=26336, stack(0x00000085dc900000,0x00000085dca00000) (1024K)]
  0x0000027cfd53b070 JavaThread "Common-Cleaner"             daemon [_thread_blocked, id=20748, stack(0x00000085dca00000,0x00000085dcb00000) (1024K)]
  0x0000027cfd590f30 JavaThread "Notification Thread"        daemon [_thread_blocked, id=3108, stack(0x00000085dcb00000,0x00000085dcc00000) (1024K)]
  0x0000027cfd75d830 JavaThread "Java2D Disposer"            daemon [_thread_blocked, id=4648, stack(0x00000085dcc00000,0x00000085dcd00000) (1024K)]
  0x0000027cfd7619a0 JavaThread "AWT-Shutdown"                      [_thread_blocked, id=31176, stack(0x00000085dcd00000,0x00000085dce00000) (1024K)]
  0x0000027cfd767520 JavaThread "AWT-Windows"                daemon [_thread_in_native, id=13592, stack(0x00000085dce00000,0x00000085dcf00000) (1024K)]
=>0x0000027cfd7dbb10 JavaThread "AWT-EventQueue-0"                  [_thread_in_native, id=28088, stack(0x00000085dcf00000,0x00000085dd000000) (1024K)]
  0x0000027cece792f0 JavaThread "DestroyJavaVM"                     [_thread_blocked, id=30440, stack(0x00000085dba00000,0x00000085dbb00000) (1024K)]
Total: 15

Other Threads:
  0x0000027cfd2d1ee0 VMThread "VM Thread"                           [id=31536, stack(0x00000085dc100000,0x00000085dc200000) (1024K)]
  0x0000027cfd2b7950 WatcherThread "VM Periodic Task Thread"        [id=18392, stack(0x00000085dc000000,0x00000085dc100000) (1024K)]
  0x0000027cecedd170 WorkerThread "GC Thread#0"                     [id=29868, stack(0x00000085dbb00000,0x00000085dbc00000) (1024K)]
  0x0000027ceceedae0 ConcurrentGCThread "G1 Main Marker"            [id=12556, stack(0x00000085dbc00000,0x00000085dbd00000) (1024K)]
  0x0000027ceceee4f0 WorkerThread "G1 Conc#0"                       [id=17696, stack(0x00000085dbd00000,0x00000085dbe00000) (1024K)]
  0x0000027cfd1861f0 ConcurrentGCThread "G1 Refine#0"               [id=30460, stack(0x00000085dbe00000,0x00000085dbf00000) (1024K)]
  0x0000027cfd186c70 ConcurrentGCThread "G1 Service"                [id=6168, stack(0x00000085dbf00000,0x00000085dc000000) (1024K)]
Total: 7

Threads with active compile tasks:
Total: 0

VM state: not at safepoint (normal execution)

VM Mutex/Monitor currently owned by a thread: None

Heap address: 0x0000000705800000, size: 4008 MB, Compressed Oops mode: Zero based, Oop shift amount: 3

CDS archive(s) mapped at: [0x0000027c8f000000-0x0000027c8fc90000-0x0000027c8fc90000), size 13172736, SharedBaseAddress: 0x0000027c8f000000, ArchiveRelocationMode: 1.
Compressed class space mapped at: 0x0000027c90000000-0x0000027cd0000000, reserved size: 1073741824
Narrow klass base: 0x0000027c8f000000, Narrow klass shift: 0, Narrow klass range: 0x100000000

GC Precious Log:
 CardTable entry size: 512
 Card Set container configuration: InlinePtr #cards 4 size 8 Array Of Cards #cards 16 size 48 Howl #buckets 8 coarsen threshold 3686 Howl Bitmap #cards 512 size 80 coarsen threshold 460 Card regions per heap region 1 cards per card region 4096
 CPUs: 12 total, 12 available
 Memory: 16027M
 Large Page Support: Disabled
 NUMA Support: Disabled
 Compressed Oops: Enabled (Zero based)
 Heap Region Size: 2M
 Heap Min Capacity: 8M
 Heap Initial Capacity: 252M
 Heap Max Capacity: 4008M
 Pre-touch: Disabled
 Parallel Workers: 10
 Concurrent Workers: 3
 Concurrent Refinement Workers: 10
 Periodic GC: Disabled

Heap:
 garbage-first heap   total 258048K, used 10240K [0x0000000705800000, 0x0000000800000000)
  region size 2048K, 4 young (8192K), 0 survivors (0K)
 Metaspace       used 7496K, committed 7680K, reserved 1114112K
  class space    used 845K, committed 960K, reserved 1048576K

Heap Regions: E=young(eden), S=young(survivor), O=old, HS=humongous(starts), HC=humongous(continues), CS=collection set, F=free, TAMS=top-at-mark-start, PB=parsable bottom
|   0|0x0000000705800000, 0x0000000705a00000, 0x0000000705a00000|100%|HS|  |TAMS 0x0000000705800000| PB 0x0000000705800000| Complete 
|   1|0x0000000705a00000, 0x0000000705c00000, 0x0000000705c00000|100%|HC|  |TAMS 0x0000000705a00000| PB 0x0000000705a00000| Complete 
|   2|0x0000000705c00000, 0x0000000705c00000, 0x0000000705e00000|  0%| F|  |TAMS 0x0000000705c00000| PB 0x0000000705c00000| Untracked 
|   3|0x0000000705e00000, 0x0000000705e00000, 0x0000000706000000|  0%| F|  |TAMS 0x0000000705e00000| PB 0x0000000705e00000| Untracked 
|   4|0x0000000706000000, 0x0000000706000000, 0x0000000706200000|  0%| F|  |TAMS 0x0000000706000000| PB 0x0000000706000000| Untracked 
|   5|0x0000000706200000, 0x0000000706200000, 0x0000000706400000|  0%| F|  |TAMS 0x0000000706200000| PB 0x0000000706200000| Untracked 
|   6|0x0000000706400000, 0x0000000706400000, 0x0000000706600000|  0%| F|  |TAMS 0x0000000706400000| PB 0x0000000706400000| Untracked 
|   7|0x0000000706600000, 0x0000000706600000, 0x0000000706800000|  0%| F|  |TAMS 0x0000000706600000| PB 0x0000000706600000| Untracked 
|   8|0x0000000706800000, 0x0000000706800000, 0x0000000706a00000|  0%| F|  |TAMS 0x0000000706800000| PB 0x0000000706800000| Untracked 
|   9|0x0000000706a00000, 0x0000000706a00000, 0x0000000706c00000|  0%| F|  |TAMS 0x0000000706a00000| PB 0x0000000706a00000| Untracked 
|  10|0x0000000706c00000, 0x0000000706c00000, 0x0000000706e00000|  0%| F|  |TAMS 0x0000000706c00000| PB 0x0000000706c00000| Untracked 
|  11|0x0000000706e00000, 0x0000000706e00000, 0x0000000707000000|  0%| F|  |TAMS 0x0000000706e00000| PB 0x0000000706e00000| Untracked 
|  12|0x0000000707000000, 0x0000000707000000, 0x0000000707200000|  0%| F|  |TAMS 0x0000000707000000| PB 0x0000000707000000| Untracked 
|  13|0x0000000707200000, 0x0000000707200000, 0x0000000707400000|  0%| F|  |TAMS 0x0000000707200000| PB 0x0000000707200000| Untracked 
|  14|0x0000000707400000, 0x0000000707400000, 0x0000000707600000|  0%| F|  |TAMS 0x0000000707400000| PB 0x0000000707400000| Untracked 
|  15|0x0000000707600000, 0x0000000707600000, 0x0000000707800000|  0%| F|  |TAMS 0x0000000707600000| PB 0x0000000707600000| Untracked 
|  16|0x0000000707800000, 0x0000000707800000, 0x0000000707a00000|  0%| F|  |TAMS 0x0000000707800000| PB 0x0000000707800000| Untracked 
|  17|0x0000000707a00000, 0x0000000707a00000, 0x0000000707c00000|  0%| F|  |TAMS 0x0000000707a00000| PB 0x0000000707a00000| Untracked 
|  18|0x0000000707c00000, 0x0000000707c00000, 0x0000000707e00000|  0%| F|  |TAMS 0x0000000707c00000| PB 0x0000000707c00000| Untracked 
|  19|0x0000000707e00000, 0x0000000707e00000, 0x0000000708000000|  0%| F|  |TAMS 0x0000000707e00000| PB 0x0000000707e00000| Untracked 
|  20|0x0000000708000000, 0x0000000708000000, 0x0000000708200000|  0%| F|  |TAMS 0x0000000708000000| PB 0x0000000708000000| Untracked 
|  21|0x0000000708200000, 0x0000000708200000, 0x0000000708400000|  0%| F|  |TAMS 0x0000000708200000| PB 0x0000000708200000| Untracked 
|  22|0x0000000708400000, 0x0000000708400000, 0x0000000708600000|  0%| F|  |TAMS 0x0000000708400000| PB 0x0000000708400000| Untracked 
|  23|0x0000000708600000, 0x0000000708600000, 0x0000000708800000|  0%| F|  |TAMS 0x0000000708600000| PB 0x0000000708600000| Untracked 
|  24|0x0000000708800000, 0x0000000708800000, 0x0000000708a00000|  0%| F|  |TAMS 0x0000000708800000| PB 0x0000000708800000| Untracked 
|  25|0x0000000708a00000, 0x0000000708a00000, 0x0000000708c00000|  0%| F|  |TAMS 0x0000000708a00000| PB 0x0000000708a00000| Untracked 
|  26|0x0000000708c00000, 0x0000000708c00000, 0x0000000708e00000|  0%| F|  |TAMS 0x0000000708c00000| PB 0x0000000708c00000| Untracked 
|  27|0x0000000708e00000, 0x0000000708e00000, 0x0000000709000000|  0%| F|  |TAMS 0x0000000708e00000| PB 0x0000000708e00000| Untracked 
|  28|0x0000000709000000, 0x0000000709000000, 0x0000000709200000|  0%| F|  |TAMS 0x0000000709000000| PB 0x0000000709000000| Untracked 
|  29|0x0000000709200000, 0x0000000709200000, 0x0000000709400000|  0%| F|  |TAMS 0x0000000709200000| PB 0x0000000709200000| Untracked 
|  30|0x0000000709400000, 0x0000000709400000, 0x0000000709600000|  0%| F|  |TAMS 0x0000000709400000| PB 0x0000000709400000| Untracked 
|  31|0x0000000709600000, 0x0000000709600000, 0x0000000709800000|  0%| F|  |TAMS 0x0000000709600000| PB 0x0000000709600000| Untracked 
|  32|0x0000000709800000, 0x0000000709800000, 0x0000000709a00000|  0%| F|  |TAMS 0x0000000709800000| PB 0x0000000709800000| Untracked 
|  33|0x0000000709a00000, 0x0000000709a00000, 0x0000000709c00000|  0%| F|  |TAMS 0x0000000709a00000| PB 0x0000000709a00000| Untracked 
|  34|0x0000000709c00000, 0x0000000709c00000, 0x0000000709e00000|  0%| F|  |TAMS 0x0000000709c00000| PB 0x0000000709c00000| Untracked 
|  35|0x0000000709e00000, 0x0000000709e00000, 0x000000070a000000|  0%| F|  |TAMS 0x0000000709e00000| PB 0x0000000709e00000| Untracked 
|  36|0x000000070a000000, 0x000000070a000000, 0x000000070a200000|  0%| F|  |TAMS 0x000000070a000000| PB 0x000000070a000000| Untracked 
|  37|0x000000070a200000, 0x000000070a200000, 0x000000070a400000|  0%| F|  |TAMS 0x000000070a200000| PB 0x000000070a200000| Untracked 
|  38|0x000000070a400000, 0x000000070a400000, 0x000000070a600000|  0%| F|  |TAMS 0x000000070a400000| PB 0x000000070a400000| Untracked 
|  39|0x000000070a600000, 0x000000070a600000, 0x000000070a800000|  0%| F|  |TAMS 0x000000070a600000| PB 0x000000070a600000| Untracked 
|  40|0x000000070a800000, 0x000000070a800000, 0x000000070aa00000|  0%| F|  |TAMS 0x000000070a800000| PB 0x000000070a800000| Untracked 
|  41|0x000000070aa00000, 0x000000070aa00000, 0x000000070ac00000|  0%| F|  |TAMS 0x000000070aa00000| PB 0x000000070aa00000| Untracked 
|  42|0x000000070ac00000, 0x000000070ac00000, 0x000000070ae00000|  0%| F|  |TAMS 0x000000070ac00000| PB 0x000000070ac00000| Untracked 
|  43|0x000000070ae00000, 0x000000070ae00000, 0x000000070b000000|  0%| F|  |TAMS 0x000000070ae00000| PB 0x000000070ae00000| Untracked 
|  44|0x000000070b000000, 0x000000070b000000, 0x000000070b200000|  0%| F|  |TAMS 0x000000070b000000| PB 0x000000070b000000| Untracked 
|  45|0x000000070b200000, 0x000000070b200000, 0x000000070b400000|  0%| F|  |TAMS 0x000000070b200000| PB 0x000000070b200000| Untracked 
|  46|0x000000070b400000, 0x000000070b400000, 0x000000070b600000|  0%| F|  |TAMS 0x000000070b400000| PB 0x000000070b400000| Untracked 
|  47|0x000000070b600000, 0x000000070b600000, 0x000000070b800000|  0%| F|  |TAMS 0x000000070b600000| PB 0x000000070b600000| Untracked 
|  48|0x000000070b800000, 0x000000070b800000, 0x000000070ba00000|  0%| F|  |TAMS 0x000000070b800000| PB 0x000000070b800000| Untracked 
|  49|0x000000070ba00000, 0x000000070ba00000, 0x000000070bc00000|  0%| F|  |TAMS 0x000000070ba00000| PB 0x000000070ba00000| Untracked 
|  50|0x000000070bc00000, 0x000000070bc00000, 0x000000070be00000|  0%| F|  |TAMS 0x000000070bc00000| PB 0x000000070bc00000| Untracked 
|  51|0x000000070be00000, 0x000000070be00000, 0x000000070c000000|  0%| F|  |TAMS 0x000000070be00000| PB 0x000000070be00000| Untracked 
|  52|0x000000070c000000, 0x000000070c000000, 0x000000070c200000|  0%| F|  |TAMS 0x000000070c000000| PB 0x000000070c000000| Untracked 
|  53|0x000000070c200000, 0x000000070c200000, 0x000000070c400000|  0%| F|  |TAMS 0x000000070c200000| PB 0x000000070c200000| Untracked 
|  54|0x000000070c400000, 0x000000070c400000, 0x000000070c600000|  0%| F|  |TAMS 0x000000070c400000| PB 0x000000070c400000| Untracked 
|  55|0x000000070c600000, 0x000000070c600000, 0x000000070c800000|  0%| F|  |TAMS 0x000000070c600000| PB 0x000000070c600000| Untracked 
|  56|0x000000070c800000, 0x000000070c800000, 0x000000070ca00000|  0%| F|  |TAMS 0x000000070c800000| PB 0x000000070c800000| Untracked 
|  57|0x000000070ca00000, 0x000000070ca00000, 0x000000070cc00000|  0%| F|  |TAMS 0x000000070ca00000| PB 0x000000070ca00000| Untracked 
|  58|0x000000070cc00000, 0x000000070cc00000, 0x000000070ce00000|  0%| F|  |TAMS 0x000000070cc00000| PB 0x000000070cc00000| Untracked 
|  59|0x000000070ce00000, 0x000000070ce00000, 0x000000070d000000|  0%| F|  |TAMS 0x000000070ce00000| PB 0x000000070ce00000| Untracked 
|  60|0x000000070d000000, 0x000000070d000000, 0x000000070d200000|  0%| F|  |TAMS 0x000000070d000000| PB 0x000000070d000000| Untracked 
|  61|0x000000070d200000, 0x000000070d200000, 0x000000070d400000|  0%| F|  |TAMS 0x000000070d200000| PB 0x000000070d200000| Untracked 
|  62|0x000000070d400000, 0x000000070d400000, 0x000000070d600000|  0%| F|  |TAMS 0x000000070d400000| PB 0x000000070d400000| Untracked 
|  63|0x000000070d600000, 0x000000070d600000, 0x000000070d800000|  0%| F|  |TAMS 0x000000070d600000| PB 0x000000070d600000| Untracked 
|  64|0x000000070d800000, 0x000000070d800000, 0x000000070da00000|  0%| F|  |TAMS 0x000000070d800000| PB 0x000000070d800000| Untracked 
|  65|0x000000070da00000, 0x000000070da00000, 0x000000070dc00000|  0%| F|  |TAMS 0x000000070da00000| PB 0x000000070da00000| Untracked 
|  66|0x000000070dc00000, 0x000000070dc00000, 0x000000070de00000|  0%| F|  |TAMS 0x000000070dc00000| PB 0x000000070dc00000| Untracked 
|  67|0x000000070de00000, 0x000000070de00000, 0x000000070e000000|  0%| F|  |TAMS 0x000000070de00000| PB 0x000000070de00000| Untracked 
|  68|0x000000070e000000, 0x000000070e000000, 0x000000070e200000|  0%| F|  |TAMS 0x000000070e000000| PB 0x000000070e000000| Untracked 
|  69|0x000000070e200000, 0x000000070e200000, 0x000000070e400000|  0%| F|  |TAMS 0x000000070e200000| PB 0x000000070e200000| Untracked 
|  70|0x000000070e400000, 0x000000070e400000, 0x000000070e600000|  0%| F|  |TAMS 0x000000070e400000| PB 0x000000070e400000| Untracked 
|  71|0x000000070e600000, 0x000000070e600000, 0x000000070e800000|  0%| F|  |TAMS 0x000000070e600000| PB 0x000000070e600000| Untracked 
|  72|0x000000070e800000, 0x000000070e800000, 0x000000070ea00000|  0%| F|  |TAMS 0x000000070e800000| PB 0x000000070e800000| Untracked 
|  73|0x000000070ea00000, 0x000000070ea00000, 0x000000070ec00000|  0%| F|  |TAMS 0x000000070ea00000| PB 0x000000070ea00000| Untracked 
|  74|0x000000070ec00000, 0x000000070ec00000, 0x000000070ee00000|  0%| F|  |TAMS 0x000000070ec00000| PB 0x000000070ec00000| Untracked 
|  75|0x000000070ee00000, 0x000000070ee00000, 0x000000070f000000|  0%| F|  |TAMS 0x000000070ee00000| PB 0x000000070ee00000| Untracked 
|  76|0x000000070f000000, 0x000000070f000000, 0x000000070f200000|  0%| F|  |TAMS 0x000000070f000000| PB 0x000000070f000000| Untracked 
|  77|0x000000070f200000, 0x000000070f200000, 0x000000070f400000|  0%| F|  |TAMS 0x000000070f200000| PB 0x000000070f200000| Untracked 
|  78|0x000000070f400000, 0x000000070f400000, 0x000000070f600000|  0%| F|  |TAMS 0x000000070f400000| PB 0x000000070f400000| Untracked 
|  79|0x000000070f600000, 0x000000070f600000, 0x000000070f800000|  0%| F|  |TAMS 0x000000070f600000| PB 0x000000070f600000| Untracked 
|  80|0x000000070f800000, 0x000000070f800000, 0x000000070fa00000|  0%| F|  |TAMS 0x000000070f800000| PB 0x000000070f800000| Untracked 
|  81|0x000000070fa00000, 0x000000070fa00000, 0x000000070fc00000|  0%| F|  |TAMS 0x000000070fa00000| PB 0x000000070fa00000| Untracked 
|  82|0x000000070fc00000, 0x000000070fc00000, 0x000000070fe00000|  0%| F|  |TAMS 0x000000070fc00000| PB 0x000000070fc00000| Untracked 
|  83|0x000000070fe00000, 0x000000070fe00000, 0x0000000710000000|  0%| F|  |TAMS 0x000000070fe00000| PB 0x000000070fe00000| Untracked 
|  84|0x0000000710000000, 0x0000000710000000, 0x0000000710200000|  0%| F|  |TAMS 0x0000000710000000| PB 0x0000000710000000| Untracked 
|  85|0x0000000710200000, 0x0000000710200000, 0x0000000710400000|  0%| F|  |TAMS 0x0000000710200000| PB 0x0000000710200000| Untracked 
|  86|0x0000000710400000, 0x0000000710400000, 0x0000000710600000|  0%| F|  |TAMS 0x0000000710400000| PB 0x0000000710400000| Untracked 
|  87|0x0000000710600000, 0x0000000710600000, 0x0000000710800000|  0%| F|  |TAMS 0x0000000710600000| PB 0x0000000710600000| Untracked 
|  88|0x0000000710800000, 0x0000000710800000, 0x0000000710a00000|  0%| F|  |TAMS 0x0000000710800000| PB 0x0000000710800000| Untracked 
|  89|0x0000000710a00000, 0x0000000710a00000, 0x0000000710c00000|  0%| F|  |TAMS 0x0000000710a00000| PB 0x0000000710a00000| Untracked 
|  90|0x0000000710c00000, 0x0000000710c00000, 0x0000000710e00000|  0%| F|  |TAMS 0x0000000710c00000| PB 0x0000000710c00000| Untracked 
|  91|0x0000000710e00000, 0x0000000710e00000, 0x0000000711000000|  0%| F|  |TAMS 0x0000000710e00000| PB 0x0000000710e00000| Untracked 
|  92|0x0000000711000000, 0x0000000711000000, 0x0000000711200000|  0%| F|  |TAMS 0x0000000711000000| PB 0x0000000711000000| Untracked 
|  93|0x0000000711200000, 0x0000000711200000, 0x0000000711400000|  0%| F|  |TAMS 0x0000000711200000| PB 0x0000000711200000| Untracked 
|  94|0x0000000711400000, 0x0000000711400000, 0x0000000711600000|  0%| F|  |TAMS 0x0000000711400000| PB 0x0000000711400000| Untracked 
|  95|0x0000000711600000, 0x0000000711600000, 0x0000000711800000|  0%| F|  |TAMS 0x0000000711600000| PB 0x0000000711600000| Untracked 
|  96|0x0000000711800000, 0x0000000711800000, 0x0000000711a00000|  0%| F|  |TAMS 0x0000000711800000| PB 0x0000000711800000| Untracked 
|  97|0x0000000711a00000, 0x0000000711a00000, 0x0000000711c00000|  0%| F|  |TAMS 0x0000000711a00000| PB 0x0000000711a00000| Untracked 
|  98|0x0000000711c00000, 0x0000000711c00000, 0x0000000711e00000|  0%| F|  |TAMS 0x0000000711c00000| PB 0x0000000711c00000| Untracked 
|  99|0x0000000711e00000, 0x0000000711e00000, 0x0000000712000000|  0%| F|  |TAMS 0x0000000711e00000| PB 0x0000000711e00000| Untracked 
| 100|0x0000000712000000, 0x0000000712000000, 0x0000000712200000|  0%| F|  |TAMS 0x0000000712000000| PB 0x0000000712000000| Untracked 
| 101|0x0000000712200000, 0x0000000712200000, 0x0000000712400000|  0%| F|  |TAMS 0x0000000712200000| PB 0x0000000712200000| Untracked 
| 102|0x0000000712400000, 0x0000000712400000, 0x0000000712600000|  0%| F|  |TAMS 0x0000000712400000| PB 0x0000000712400000| Untracked 
| 103|0x0000000712600000, 0x0000000712600000, 0x0000000712800000|  0%| F|  |TAMS 0x0000000712600000| PB 0x0000000712600000| Untracked 
| 104|0x0000000712800000, 0x0000000712800000, 0x0000000712a00000|  0%| F|  |TAMS 0x0000000712800000| PB 0x0000000712800000| Untracked 
| 105|0x0000000712a00000, 0x0000000712a00000, 0x0000000712c00000|  0%| F|  |TAMS 0x0000000712a00000| PB 0x0000000712a00000| Untracked 
| 106|0x0000000712c00000, 0x0000000712c00000, 0x0000000712e00000|  0%| F|  |TAMS 0x0000000712c00000| PB 0x0000000712c00000| Untracked 
| 107|0x0000000712e00000, 0x0000000712e00000, 0x0000000713000000|  0%| F|  |TAMS 0x0000000712e00000| PB 0x0000000712e00000| Untracked 
| 108|0x0000000713000000, 0x0000000713000000, 0x0000000713200000|  0%| F|  |TAMS 0x0000000713000000| PB 0x0000000713000000| Untracked 
| 109|0x0000000713200000, 0x0000000713200000, 0x0000000713400000|  0%| F|  |TAMS 0x0000000713200000| PB 0x0000000713200000| Untracked 
| 110|0x0000000713400000, 0x0000000713400000, 0x0000000713600000|  0%| F|  |TAMS 0x0000000713400000| PB 0x0000000713400000| Untracked 
| 111|0x0000000713600000, 0x0000000713600000, 0x0000000713800000|  0%| F|  |TAMS 0x0000000713600000| PB 0x0000000713600000| Untracked 
| 112|0x0000000713800000, 0x0000000713800000, 0x0000000713a00000|  0%| F|  |TAMS 0x0000000713800000| PB 0x0000000713800000| Untracked 
| 113|0x0000000713a00000, 0x0000000713a00000, 0x0000000713c00000|  0%| F|  |TAMS 0x0000000713a00000| PB 0x0000000713a00000| Untracked 
| 114|0x0000000713c00000, 0x0000000713c00000, 0x0000000713e00000|  0%| F|  |TAMS 0x0000000713c00000| PB 0x0000000713c00000| Untracked 
| 115|0x0000000713e00000, 0x0000000713e00000, 0x0000000714000000|  0%| F|  |TAMS 0x0000000713e00000| PB 0x0000000713e00000| Untracked 
| 116|0x0000000714000000, 0x0000000714000000, 0x0000000714200000|  0%| F|  |TAMS 0x0000000714000000| PB 0x0000000714000000| Untracked 
| 117|0x0000000714200000, 0x0000000714200000, 0x0000000714400000|  0%| F|  |TAMS 0x0000000714200000| PB 0x0000000714200000| Untracked 
| 118|0x0000000714400000, 0x0000000714400000, 0x0000000714600000|  0%| F|  |TAMS 0x0000000714400000| PB 0x0000000714400000| Untracked 
| 119|0x0000000714600000, 0x0000000714600000, 0x0000000714800000|  0%| F|  |TAMS 0x0000000714600000| PB 0x0000000714600000| Untracked 
| 120|0x0000000714800000, 0x0000000714800000, 0x0000000714a00000|  0%| F|  |TAMS 0x0000000714800000| PB 0x0000000714800000| Untracked 
| 121|0x0000000714a00000, 0x0000000714a00000, 0x0000000714c00000|  0%| F|  |TAMS 0x0000000714a00000| PB 0x0000000714a00000| Untracked 
| 122|0x0000000714c00000, 0x0000000714e00000, 0x0000000714e00000|100%| E|  |TAMS 0x0000000714c00000| PB 0x0000000714c00000| Complete 
| 123|0x0000000714e00000, 0x0000000715000000, 0x0000000715000000|100%| E|CS|TAMS 0x0000000714e00000| PB 0x0000000714e00000| Complete 
| 124|0x0000000715000000, 0x0000000715200000, 0x0000000715200000|100%| E|CS|TAMS 0x0000000715000000| PB 0x0000000715000000| Complete 
| 125|0x0000000715200000, 0x0000000715400000, 0x0000000715400000|100%| E|CS|TAMS 0x0000000715200000| PB 0x0000000715200000| Complete 

Card table byte_map: [0x0000027cf6000000,0x0000027cf67e0000] _byte_map_base: 0x0000027cf27d4000

Marking Bits: (CMBitMap*) 0x0000027cecedd780
 Bits: [0x0000027cf67e0000, 0x0000027cfa680000)

Polling page: 0x0000027ceae60000

Metaspace:

Usage:
  Non-class:      6.50 MB used.
      Class:    845.06 KB used.
       Both:      7.32 MB used.

Virtual space:
  Non-class space:       64.00 MB reserved,       6.56 MB ( 10%) committed,  1 nodes.
      Class space:        1.00 GB reserved,     960.00 KB ( <1%) committed,  1 nodes.
             Both:        1.06 GB reserved,       7.50 MB ( <1%) committed. 

Chunk freelists:
   Non-Class:  9.00 MB
       Class:  15.11 MB
        Both:  24.11 MB

MaxMetaspaceSize: unlimited
CompressedClassSpaceSize: 1.00 GB
Initial GC threshold: 21.00 MB
Current GC threshold: 21.00 MB
CDS: on
 - commit_granule_bytes: 65536.
 - commit_granule_words: 8192.
 - virtual_space_node_default_size: 8388608.
 - enlarge_chunks_in_place: 1.
 - use_allocation_guard: 0.


Internal statistics:

num_allocs_failed_limit: 0.
num_arena_births: 140.
num_arena_deaths: 0.
num_vsnodes_births: 2.
num_vsnodes_deaths: 0.
num_space_committed: 120.
num_space_uncommitted: 0.
num_chunks_returned_to_freelist: 0.
num_chunks_taken_from_freelist: 178.
num_chunk_merges: 0.
num_chunk_splits: 104.
num_chunks_enlarged: 38.
num_inconsistent_stats: 0.

CodeHeap 'non-profiled nmethods': size=120000Kb used=212Kb max_used=212Kb free=119787Kb
 bounds [0x0000027c87ad0000, 0x0000027c87d40000, 0x0000027c8f000000]
CodeHeap 'profiled nmethods': size=120000Kb used=1038Kb max_used=1038Kb free=118961Kb
 bounds [0x0000027c80000000, 0x0000027c80270000, 0x0000027c87530000]
CodeHeap 'non-nmethods': size=5760Kb used=1537Kb max_used=1537Kb free=4222Kb
 bounds [0x0000027c87530000, 0x0000027c877a0000, 0x0000027c87ad0000]
 total_blobs=1349 nmethods=740 adapters=514
 compilation: enabled
              stopped_count=0, restarted_count=0
 full_count=0

Compilation events (20 events):
Event: 0.242 Thread 0x0000027cfd30ee10 nmethod 730 0x0000027c80100910 code [0x0000027c80100aa0, 0x0000027c80100bc0]
Event: 0.242 Thread 0x0000027cfd2fc600 nmethod 731 0x0000027c87b05010 code [0x0000027c87b051a0, 0x0000027c87b05270]
Event: 0.244 Thread 0x0000027cfd30ee10  733       3       java.lang.StrictMath::ceil (10 bytes)
Event: 0.244 Thread 0x0000027cfd30ee10 nmethod 733 0x0000027c80100c90 code [0x0000027c80100e60, 0x0000027c80100f90]
Event: 0.244 Thread 0x0000027cfd30ee10  732       3       java.lang.Math::ceil (5 bytes)
Event: 0.244 Thread 0x0000027cfd30ee10 nmethod 732 0x0000027c80101010 code [0x0000027c801011c0, 0x0000027c801012d8]
Event: 0.244 Thread 0x0000027cfd30ee10  734       3       sun.nio.ch.FileChannelImpl::ensureOpen (16 bytes)
Event: 0.244 Thread 0x0000027cfd30ee10 nmethod 734 0x0000027c80101390 code [0x0000027c80101560, 0x0000027c801017e8]
Event: 0.244 Thread 0x0000027cfd30ee10  740       3       java.nio.Buffer::position (52 bytes)
Event: 0.244 Thread 0x0000027cfd30ee10 nmethod 740 0x0000027c80101910 code [0x0000027c80101ac0, 0x0000027c80101d40]
Event: 0.244 Thread 0x0000027cfd30ee10  739       3       jdk.internal.misc.Unsafe::getIntUnaligned (12 bytes)
Event: 0.244 Thread 0x0000027cfd30ee10 nmethod 739 0x0000027c80101e10 code [0x0000027c80101fc0, 0x0000027c80102228]
Event: 0.244 Thread 0x0000027cfd30ee10  737       3       jdk.internal.misc.Unsafe::convEndian (16 bytes)
Event: 0.244 Thread 0x0000027cfd30ee10 nmethod 737 0x0000027c80102310 code [0x0000027c801024c0, 0x0000027c80102688]
Event: 0.244 Thread 0x0000027cfd30ee10  738       3       java.lang.Integer::reverseBytes (28 bytes)
Event: 0.244 Thread 0x0000027cfd30ee10 nmethod 738 0x0000027c80102790 code [0x0000027c80102920, 0x0000027c80102a38]
Event: 0.244 Thread 0x0000027cfd30ee10  735       3       sun.nio.ch.FileChannelImpl::beginBlocking (12 bytes)
Event: 0.244 Thread 0x0000027cfd30ee10 nmethod 735 0x0000027c80102b10 code [0x0000027c80102cc0, 0x0000027c80102e38]
Event: 0.244 Thread 0x0000027cfd30ee10  736       3       java.nio.channels.spi.AbstractInterruptibleChannel::begin (48 bytes)
Event: 0.244 Thread 0x0000027cfd30ee10 nmethod 736 0x0000027c80102f10 code [0x0000027c80103120, 0x0000027c80103780]

GC Heap History (0 events):
No events

Dll operation events (9 events):
Event: 0.004 Loaded shared library C:\Program Files\Java\jdk-21\bin\java.dll
Event: 0.023 Loaded shared library C:\Program Files\Java\jdk-21\bin\jsvml.dll
Event: 0.040 Loaded shared library C:\Program Files\Java\jdk-21\bin\net.dll
Event: 0.041 Loaded shared library C:\Program Files\Java\jdk-21\bin\nio.dll
Event: 0.054 Loaded shared library C:\Program Files\Java\jdk-21\bin\zip.dll
Event: 0.062 Loaded shared library C:\Program Files\Java\jdk-21\bin\jimage.dll
Event: 0.070 Loaded shared library C:\Program Files\Java\jdk-21\bin\awt.dll
Event: 0.177 Loaded shared library C:\Program Files\Java\jdk-21\bin\freetype.dll
Event: 0.177 Loaded shared library C:\Program Files\Java\jdk-21\bin\fontmanager.dll

Deoptimization events (4 events):
Event: 0.120 Thread 0x0000027cece792f0 Uncommon trap: trap_request=0xffffff45 fr.pc=0x0000027c87ae04dc relative=0x0000000000000b7c
Event: 0.120 Thread 0x0000027cece792f0 Uncommon trap: reason=unstable_if action=reinterpret pc=0x0000027c87ae04dc method=java.util.HashMap.putVal(ILjava/lang/Object;Ljava/lang/Object;ZZ)Ljava/lang/Object; @ 81 c2
Event: 0.120 Thread 0x0000027cece792f0 DEOPT PACKING pc=0x0000027c87ae04dc sp=0x00000085dbafe0f0
Event: 0.120 Thread 0x0000027cece792f0 DEOPT UNPACKING pc=0x0000027c875846a2 sp=0x00000085dbafe0a0 mode 2

Classes loaded (20 events):
Event: 0.237 Loading class javax/swing/plaf/metal/MetalUtils
Event: 0.237 Loading class javax/swing/plaf/metal/MetalUtils done
Event: 0.237 Loading class javax/swing/JToolBar
Event: 0.238 Loading class javax/swing/JToolBar done
Event: 0.242 Loading class javax/swing/text/SegmentCache
Event: 0.242 Loading class javax/swing/text/SegmentCache done
Event: 0.242 Loading class javax/swing/text/SegmentCache$CachedSegment
Event: 0.242 Loading class javax/swing/text/Segment
Event: 0.242 Loading class java/text/CharacterIterator
Event: 0.242 Loading class java/text/CharacterIterator done
Event: 0.242 Loading class javax/swing/text/Segment done
Event: 0.242 Loading class javax/swing/text/SegmentCache$CachedSegment done
Event: 0.242 Loading class javax/swing/text/Utilities
Event: 0.242 Loading class javax/swing/text/Utilities done
Event: 0.243 Loading class javax/swing/event/ChangeEvent
Event: 0.243 Loading class javax/swing/event/ChangeEvent done
Event: 0.243 Loading class java/applet/Applet
Event: 0.243 Loading class java/awt/Panel
Event: 0.243 Loading class java/awt/Panel done
Event: 0.243 Loading class java/applet/Applet done

Classes unloaded (0 events):
No events

Classes redefined (0 events):
No events

Internal exceptions (14 events):
Event: 0.042 Thread 0x0000027cece792f0 Exception <a 'sun/nio/fs/WindowsException'{0x000000071507cc98}> (0x000000071507cc98) 
thrown [s\open\src\hotspot\share\prims\jni.cpp, line 520]
Event: 0.043 Thread 0x0000027cece792f0 Exception <a 'sun/nio/fs/WindowsException'{0x000000071507f2b8}> (0x000000071507f2b8) 
thrown [s\open\src\hotspot\share\prims\jni.cpp, line 520]
Event: 0.043 Thread 0x0000027cece792f0 Exception <a 'sun/nio/fs/WindowsException'{0x000000071507fe30}> (0x000000071507fe30) 
thrown [s\open\src\hotspot\share\prims\jni.cpp, line 520]
Event: 0.065 Thread 0x0000027cece792f0 Exception <a 'java/lang/ClassNotFoundException'{0x0000000715142e28}: sun/awt/resources/spi/awtProvider> (0x0000000715142e28) 
thrown [s\open\src\hotspot\share\classfile\systemDictionary.cpp, line 312]
Event: 0.076 Thread 0x0000027cece792f0 Exception <a 'java/io/FileNotFoundException'{0x00000007151981b8}> (0x00000007151981b8) 
thrown [s\open\src\hotspot\share\prims\jni.cpp, line 520]
Event: 0.079 Thread 0x0000027cece792f0 Exception <a 'java/io/FileNotFoundException'{0x00000007151c2150}> (0x00000007151c2150) 
thrown [s\open\src\hotspot\share\prims\jni.cpp, line 520]
Event: 0.120 Thread 0x0000027cece792f0 Exception <a 'java/lang/NoSuchMethodError'{0x0000000714e55178}: 'void java.lang.invoke.DirectMethodHandle$Holder.invokeSpecial(java.lang.Object, java.lang.Object, java.lang.Object)'> (0x0000000714e55178) 
thrown [s\open\src\hotspot\share\interpreter\linkResolver.cpp, line 773]
Event: 0.124 Thread 0x0000027cece792f0 Exception <a 'java/lang/NoSuchMethodError'{0x0000000714f5c338}: 'java.lang.Object java.lang.invoke.DirectMethodHandle$Holder.newInvokeSpecial(java.lang.Object, java.lang.Object, java.lang.Object, java.lang.Object, java.lang.Object)'> (0x0000000714f5c338) 
thrown [s\open\src\hotspot\share\interpreter\linkResolver.cpp, line 773]
Event: 0.128 Thread 0x0000027cece792f0 Exception <a 'java/lang/NoSuchMethodError'{0x0000000714f87ec0}: 'java.lang.Object java.lang.invoke.DirectMethodHandle$Holder.invokeStatic(java.lang.Object, int, java.lang.Object)'> (0x0000000714f87ec0) 
thrown [s\open\src\hotspot\share\interpreter\linkResolver.cpp, line 773]
Event: 0.136 Thread 0x0000027cece792f0 Exception <a 'java/lang/ClassNotFoundException'{0x0000000714c27648}: com/sun/swing/internal/plaf/metal/resources/spi/metalProvider> (0x0000000714c27648) 
thrown [s\open\src\hotspot\share\classfile\systemDictionary.cpp, line 312]
Event: 0.137 Thread 0x0000027cece792f0 Exception <a 'java/lang/ClassNotFoundException'{0x0000000714c2b5a8}: com/sun/swing/internal/plaf/basic/resources/spi/basicProvider> (0x0000000714c2b5a8) 
thrown [s\open\src\hotspot\share\classfile\systemDictionary.cpp, line 312]
Event: 0.144 Thread 0x0000027cece792f0 Exception <a 'java/lang/NoSuchMethodError'{0x0000000714c4a920}: 'int java.lang.invoke.Invokers$Holder.invokeExact_MT(java.lang.Object, java.lang.Object)'> (0x0000000714c4a920) 
thrown [s\open\src\hotspot\share\interpreter\linkResolver.cpp, line 773]
Event: 0.166 Thread 0x0000027cfd767520 Exception <a 'java/lang/NoSuchMethodError'{0x0000000714ef08d0}: 'void java.lang.invoke.DirectMethodHandle$Holder.invokeVirtual(java.lang.Object, java.lang.Object)'> (0x0000000714ef08d0) 
thrown [s\open\src\hotspot\share\interpreter\linkResolver.cpp, line 773]
Event: 0.174 Thread 0x0000027cece792f0 Exception <a 'java/lang/NoSuchMethodError'{0x0000000714c9da48}: 'void java.lang.invoke.DirectMethodHandle$Holder.invokeStaticInit(java.lang.Object)'> (0x0000000714c9da48) 
thrown [s\open\src\hotspot\share\interpreter\linkResolver.cpp, line 773]

ZGC Phase Switch (0 events):
No events

VM Operations (4 events):
Event: 0.043 Executing VM operation: HandshakeAllThreads (Deoptimize)
Event: 0.043 Executing VM operation: HandshakeAllThreads (Deoptimize) done
Event: 0.155 Executing VM operation: HandshakeAllThreads (Deoptimize)
Event: 0.155 Executing VM operation: HandshakeAllThreads (Deoptimize) done

Events (17 events):
Event: 0.014 Thread 0x0000027cece792f0 Thread added: 0x0000027cece792f0
Event: 0.021 Thread 0x0000027cfd2edab0 Thread added: 0x0000027cfd2edab0
Event: 0.021 Thread 0x0000027cfd2ee9d0 Thread added: 0x0000027cfd2ee9d0
Event: 0.022 Thread 0x0000027cfd2f0ad0 Thread added: 0x0000027cfd2f0ad0
Event: 0.022 Thread 0x0000027cfd2f66d0 Thread added: 0x0000027cfd2f66d0
Event: 0.022 Thread 0x0000027cfd2f7130 Thread added: 0x0000027cfd2f7130
Event: 0.022 Thread 0x0000027cfd2f8f00 Thread added: 0x0000027cfd2f8f00
Event: 0.022 Thread 0x0000027cfd2fc600 Thread added: 0x0000027cfd2fc600
Event: 0.022 Thread 0x0000027cfd30ee10 Thread added: 0x0000027cfd30ee10
Event: 0.034 Thread 0x0000027cfd53b070 Thread added: 0x0000027cfd53b070
Event: 0.050 Thread 0x0000027cfd590f30 Thread added: 0x0000027cfd590f30
Event: 0.103 Thread 0x0000027cfd75d830 Thread added: 0x0000027cfd75d830
Event: 0.104 Thread 0x0000027cfd7619a0 Thread added: 0x0000027cfd7619a0
Event: 0.105 Thread 0x0000027cfd767520 Thread added: 0x0000027cfd767520
Event: 0.166 Thread 0x0000027cfd7dbb10 Thread added: 0x0000027cfd7dbb10
Event: 0.217 Thread 0x0000027cece792f0 Thread exited: 0x0000027cece792f0
Event: 0.217 Thread 0x0000027cece792f0 Thread added: 0x0000027cece792f0


Dynamic libraries:
0x00007ff633b90000 - 0x00007ff633ba0000 	C:\Program Files\Java\jdk-21\bin\java.exe
0x00007ffa919d0000 - 0x00007ffa91be7000 	C:\windows\SYSTEM32\ntdll.dll
0x00007ffa90940000 - 0x00007ffa90a04000 	C:\windows\System32\KERNEL32.DLL
0x00007ffa8ef70000 - 0x00007ffa8f316000 	C:\windows\System32\KERNELBASE.dll
0x00007ffa8ed10000 - 0x00007ffa8ee21000 	C:\windows\System32\ucrtbase.dll
0x00007ffa74f40000 - 0x00007ffa74f5b000 	C:\Program Files\Java\jdk-21\bin\VCRUNTIME140.dll
0x00007ffa74a20000 - 0x00007ffa74a39000 	C:\Program Files\Java\jdk-21\bin\jli.dll
0x00007ffa8f970000 - 0x00007ffa8fa23000 	C:\windows\System32\ADVAPI32.dll
0x00007ffa8f720000 - 0x00007ffa8f7c7000 	C:\windows\System32\msvcrt.dll
0x00007ffa90fd0000 - 0x00007ffa91078000 	C:\windows\System32\sechost.dll
0x00007ffa8f3e0000 - 0x00007ffa8f408000 	C:\windows\System32\bcrypt.dll
0x00007ffa8fa30000 - 0x00007ffa8fb47000 	C:\windows\System32\RPCRT4.dll
0x00007ffa90d60000 - 0x00007ffa90f0e000 	C:\windows\System32\USER32.dll
0x00007ffa8eed0000 - 0x00007ffa8eef6000 	C:\windows\System32\win32u.dll
0x00007ffa90440000 - 0x00007ffa90469000 	C:\windows\System32\GDI32.dll
0x00007ffa68dc0000 - 0x00007ffa69053000 	C:\windows\WinSxS\amd64_microsoft.windows.common-controls_6595b64144ccf1df_6.0.22621.2506_none_270c5ae97388e100\COMCTL32.dll
0x00007ffa8f410000 - 0x00007ffa8f528000 	C:\windows\System32\gdi32full.dll
0x00007ffa8ee30000 - 0x00007ffa8eeca000 	C:\windows\System32\msvcp_win.dll
0x00007ffa81830000 - 0x00007ffa8183a000 	C:\windows\SYSTEM32\VERSION.dll
0x00007ffa90ad0000 - 0x00007ffa90b01000 	C:\windows\System32\IMM32.DLL
0x00007ffa8b710000 - 0x00007ffa8b71c000 	C:\Program Files\Java\jdk-21\bin\vcruntime140_1.dll
0x00007ffa485a0000 - 0x00007ffa4862e000 	C:\Program Files\Java\jdk-21\bin\msvcp140.dll
0x00007ffa20320000 - 0x00007ffa21035000 	C:\Program Files\Java\jdk-21\bin\server\jvm.dll
0x00007ffa90b20000 - 0x00007ffa90b91000 	C:\windows\System32\WS2_32.dll
0x00007ffa8eb30000 - 0x00007ffa8eb7d000 	C:\windows\SYSTEM32\POWRPROF.dll
0x00007ffa83c90000 - 0x00007ffa83cc4000 	C:\windows\SYSTEM32\WINMM.dll
0x00007ffa8ea10000 - 0x00007ffa8ea23000 	C:\windows\SYSTEM32\UMPDC.dll
0x00007ffa8dcc0000 - 0x00007ffa8dcd8000 	C:\windows\SYSTEM32\kernel.appcore.dll
0x00007ffa86810000 - 0x00007ffa8681a000 	C:\Program Files\Java\jdk-21\bin\jimage.dll
0x00007ffa8c630000 - 0x00007ffa8c863000 	C:\windows\SYSTEM32\DBGHELP.DLL
0x00007ffa91600000 - 0x00007ffa91989000 	C:\windows\System32\combase.dll
0x00007ffa91520000 - 0x00007ffa915f7000 	C:\windows\System32\OLEAUT32.dll
0x00007ffa63220000 - 0x00007ffa63252000 	C:\windows\SYSTEM32\dbgcore.DLL
0x00007ffa8f6a0000 - 0x00007ffa8f71a000 	C:\windows\System32\bcryptPrimitives.dll
0x00007ffa74f20000 - 0x00007ffa74f3f000 	C:\Program Files\Java\jdk-21\bin\java.dll
0x00007ffa8fbe0000 - 0x00007ffa9043a000 	C:\windows\System32\SHELL32.dll
0x00007ffa8cc10000 - 0x00007ffa8d506000 	C:\windows\SYSTEM32\windows.storage.dll
0x00007ffa8cad0000 - 0x00007ffa8cc0e000 	C:\windows\SYSTEM32\wintypes.dll
0x00007ffa90470000 - 0x00007ffa90563000 	C:\windows\System32\SHCORE.dll
0x00007ffa90680000 - 0x00007ffa906de000 	C:\windows\System32\shlwapi.dll
0x00007ffa8ec40000 - 0x00007ffa8ec66000 	C:\windows\SYSTEM32\profapi.dll
0x00007ffa48de0000 - 0x00007ffa48eb7000 	C:\Program Files\Java\jdk-21\bin\jsvml.dll
0x00007ffa74ed0000 - 0x00007ffa74ee0000 	C:\Program Files\Java\jdk-21\bin\net.dll
0x00007ffa868f0000 - 0x00007ffa86a27000 	C:\windows\SYSTEM32\WINHTTP.dll
0x00007ffa8e1c0000 - 0x00007ffa8e229000 	C:\windows\system32\mswsock.dll
0x00007ffa739c0000 - 0x00007ffa739d6000 	C:\Program Files\Java\jdk-21\bin\nio.dll
0x00007ffa6d4c0000 - 0x00007ffa6d4d8000 	C:\Program Files\Java\jdk-21\bin\zip.dll
0x00007ffa406a0000 - 0x00007ffa4082f000 	C:\Program Files\Java\jdk-21\bin\awt.dll
0x00007ffa8ba60000 - 0x00007ffa8baf7000 	C:\windows\SYSTEM32\apphelp.dll
0x00007ffa8be80000 - 0x00007ffa8beab000 	C:\windows\system32\DWMAPI.DLL
0x00007ffa8bbf0000 - 0x00007ffa8bc9b000 	C:\windows\system32\uxtheme.dll
0x00007ffa0b2f0000 - 0x00007ffa0b3f0000 	C:\windows\system32\opengl32.dll
0x00007ffa16450000 - 0x00007ffa1647d000 	C:\windows\SYSTEM32\GLU32.dll
0x00007ffa8bd10000 - 0x00007ffa8bd46000 	C:\windows\SYSTEM32\dxcore.dll
0x00007ffa90ba0000 - 0x00007ffa90cf0000 	C:\windows\System32\MSCTF.dll
0x00007ffa8f7d0000 - 0x00007ffa8f970000 	C:\windows\System32\ole32.dll
0x00007ffa40610000 - 0x00007ffa40697000 	C:\Program Files\Java\jdk-21\bin\freetype.dll
0x00007ffa40530000 - 0x00007ffa40603000 	C:\Program Files\Java\jdk-21\bin\fontmanager.dll
0x00007ffa90a20000 - 0x00007ffa90ad0000 	C:\windows\System32\clbcatq.dll
0x00007ffa8a380000 - 0x00007ffa8a530000 	C:\windows\SYSTEM32\WindowsCodecs.dll
0x00007ffa6a440000 - 0x00007ffa6a49e000 	C:\windows\system32\dataexchange.dll
0x00007ffa845b0000 - 0x00007ffa84835000 	C:\windows\system32\twinapi.appcore.dll
0x00007ffa73be0000 - 0x00007ffa73d2a000 	C:\windows\SYSTEM32\textinputframework.dll

dbghelp: loaded successfully - version: 4.0.5 - missing functions: none
symbol engine: initialized successfully - sym options: 0x614 - pdb path: .;C:\Program Files\Java\jdk-21\bin;C:\windows\SYSTEM32;C:\windows\WinSxS\amd64_microsoft.windows.common-controls_6595b64144ccf1df_6.0.22621.2506_none_270c5ae97388e100;C:\Program Files\Java\jdk-21\bin\server

VM Arguments:
jvm_args: -Dfile.encoding=UTF-8 --module-path=C:\Users\PRAJNA\Documents\NetBeansProjects\Placement management system\build\classes 
java_command: placement.management.system.AddStudent
java_class_path (initial): C:\Users\PRAJNA\Downloads\mysql-connector-java-8.0.28 (1).jar;C:\Users\PRAJNA\Documents\NetBeansProjects\Placement management system\build\classes
Launcher Type: SUN_STANDARD

[Global flags]
     intx CICompilerCount                          = 4                                         {product} {ergonomic}
     uint ConcGCThreads                            = 3                                         {product} {ergonomic}
     uint G1ConcRefinementThreads                  = 10                                        {product} {ergonomic}
   size_t G1HeapRegionSize                         = 2097152                                   {product} {ergonomic}
    uintx GCDrainStackTargetSize                   = 64                                        {product} {ergonomic}
   size_t InitialHeapSize                          = 264241152                                 {product} {ergonomic}
   size_t MarkStackSize                            = 4194304                                   {product} {ergonomic}
   size_t MaxHeapSize                              = 4202692608                                {product} {ergonomic}
   size_t MaxNewSize                               = 2520776704                                {product} {ergonomic}
   size_t MinHeapDeltaBytes                        = 2097152                                   {product} {ergonomic}
   size_t MinHeapSize                              = 8388608                                   {product} {ergonomic}
    uintx NonNMethodCodeHeapSize                   = 5839372                                {pd product} {ergonomic}
    uintx NonProfiledCodeHeapSize                  = 122909434                              {pd product} {ergonomic}
    uintx ProfiledCodeHeapSize                     = 122909434                              {pd product} {ergonomic}
    uintx ReservedCodeCacheSize                    = 251658240                              {pd product} {ergonomic}
     bool SegmentedCodeCache                       = true                                      {product} {ergonomic}
   size_t SoftMaxHeapSize                          = 4202692608                             {manageable} {ergonomic}
     bool UseCompressedOops                        = true                           {product lp64_product} {ergonomic}
     bool UseG1GC                                  = true                                      {product} {ergonomic}
     bool UseLargePagesIndividualAllocation        = false                                  {pd product} {ergonomic}

Logging:
Log output configuration:
 #0: stdout all=warning uptime,level,tags foldmultilines=false
 #1: stderr all=off uptime,level,tags foldmultilines=false

Environment Variables:
PATH=C:\Program Files\Common Files\Oracle\Java\javapath;C:\windows\system32;C:\windows;C:\windows\System32\Wbem;C:\windows\System32\WindowsPowerShell\v1.0\;C:\windows\System32\OpenSSH\;C:\Program Files\nodejs\;C:\Program Files\MongoDB\Server\7.0;C:\Program Files\Git\cmd;C:\Users\PRAJNA\AppData\Local\Programs\Python\Python312\Scripts\;C:\Users\PRAJNA\AppData\Local\Programs\Python\Python312\;C:\Users\PRAJNA\AppData\Local\Programs\Python\Python311\Scripts\;C:\Users\PRAJNA\AppData\Local\Programs\Python\Python311\;C:\Users\PRAJNA\AppData\Local\Microsoft\WindowsApps;;C:\Users\PRAJNA\AppData\Local\Programs\Microsoft VS Code\bin;C:\Users\PRAJNA\AppData\Roaming\npm;C:\Users\PRAJNA\AppData\Local\Programs\mongosh\
USERNAME=PRAJNA
OS=Windows_NT
PROCESSOR_IDENTIFIER=Intel64 Family 6 Model 186 Stepping 3, GenuineIntel
TMP=C:\Users\PRAJNA\AppData\Local\Temp
TEMP=C:\Users\PRAJNA\AppData\Local\Temp




Periodic native trim disabled

---------------  S Y S T E M  ---------------

OS:
 Windows 11 , 64 bit Build 22621 (10.0.22621.2506)
OS uptime: 2 days 14:53 hours
Hyper-V role detected

CPU: total 12 (initial active 12) (6 cores per cpu, 2 threads per core) family 6 model 186 stepping 3 microcode 0x4114, cx8, cmov, fxsr, ht, mmx, 3dnowpref, sse, sse2, sse3, ssse3, sse4.1, sse4.2, popcnt, lzcnt, tsc, tscinvbit, avx, avx2, aes, erms, clmul, bmi1, bmi2, adx, sha, fma, vzeroupper, clflush, clflushopt, clwb, hv, serialize, rdtscp, rdpid, fsrm, f16c, cet_ibt, cet_ss
Processor Information for processor 0
  Max Mhz: 1300, Current Mhz: 1300, Mhz Limit: 1300
Processor Information for processor 1
  Max Mhz: 1300, Current Mhz: 1300, Mhz Limit: 1300
Processor Information for processor 2
  Max Mhz: 1300, Current Mhz: 1300, Mhz Limit: 1300
Processor Information for processor 3
  Max Mhz: 1300, Current Mhz: 1300, Mhz Limit: 1300
Processor Information for processor 4
  Max Mhz: 1300, Current Mhz: 900, Mhz Limit: 897
Processor Information for processor 5
  Max Mhz: 1300, Current Mhz: 900, Mhz Limit: 897
Processor Information for processor 6
  Max Mhz: 1300, Current Mhz: 900, Mhz Limit: 897
Processor Information for processor 7
  Max Mhz: 1300, Current Mhz: 900, Mhz Limit: 897
Processor Information for processor 8
  Max Mhz: 1300, Current Mhz: 900, Mhz Limit: 897
Processor Information for processor 9
  Max Mhz: 1300, Current Mhz: 900, Mhz Limit: 897
Processor Information for processor 10
  Max Mhz: 1300, Current Mhz: 900, Mhz Limit: 897
Processor Information for processor 11
  Max Mhz: 1300, Current Mhz: 900, Mhz Limit: 897

Memory: 4k page, system-wide physical 16027M (4606M free)
TotalPageFile size 45395M (AvailPageFile size 1M)
current process WorkingSet (physical memory assigned to process): 64M, peak: 64M
current process commit charge ("private bytes"): 354M, peak: 354M

vm_info: Java HotSpot(TM) 64-Bit Server VM (21.0.1+12-LTS-29) for windows-amd64 JRE (21.0.1+12-LTS-29), built on 2023-10-05T13:27:09Z by "mach5one" with MS VC++ 17.1 (VS2022)

END.
