#
# There is insufficient memory for the Java Runtime Environment to continue.
# Native memory allocation (mmap) failed to map 264241152 bytes for G1 virtual space
# Possible reasons:
#   The system is out of physical RAM or swap space
#   The process is running with CompressedOops enabled, and the Java Heap may be blocking the growth of the native heap
# Possible solutions:
#   Reduce memory load on the system
#   Increase physical memory or swap space
#   Check if swap backing store is full
#   Decrease Java heap size (-Xmx/-Xms)
#   Decrease number of Java threads
#   Decrease Java thread stack sizes (-Xss)
#   Set larger code cache with -XX:ReservedCodeCacheSize=
#   JVM is running with Zero Based Compressed Oops mode in which the Java heap is
#     placed in the first 32GB address space. The Java Heap base address is the
#     maximum limit for the native heap growth. Please use -XX:HeapBaseMinAddress
#     to set the Java Heap base and to place the Java Heap above 32GB virtual address.
# This output file may be truncated or incomplete.
#
#  Out of Memory Error (os_windows.cpp:3600), pid=30468, tid=16228
#
# JRE version:  (21.0.1+12) (build )
# Java VM: Java HotSpot(TM) 64-Bit Server VM (21.0.1+12-LTS-29, mixed mode, sharing, tiered, compressed oops, compressed class ptrs, g1 gc, windows-amd64)
# No core dump will be written. Minidumps are not enabled by default on client versions of Windows
#

---------------  S U M M A R Y ------------

Command Line: -Dfile.encoding=UTF-8 --module-path=C:\Users\PRAJNA\Documents\NetBeansProjects\Placement management system\build\classes placement.management.system.AddStudent

Host: 13th Gen Intel(R) Core(TM) i5-1335U, 12 cores, 15G,  Windows 11 , 64 bit Build 22621 (10.0.22621.2506)
Time: Thu Feb 29 22:30:57 2024 India Standard Time elapsed time: 0.006777 seconds (0d 0h 0m 0s)

---------------  T H R E A D  ---------------

Current thread (0x0000029d44109950):  JavaThread "Unknown thread" [_thread_in_vm, id=16228, stack(0x000000c5e3600000,0x000000c5e3700000) (1024K)]

Stack: [0x000000c5e3600000,0x000000c5e3700000]
Native frames: (J=compiled Java code, j=interpreted, Vv=VM code, C=native code)
V  [jvm.dll+0x6c9029]
V  [jvm.dll+0x854b81]
V  [jvm.dll+0x856e5e]
V  [jvm.dll+0x857543]
V  [jvm.dll+0x280c06]
V  [jvm.dll+0x6c5715]
V  [jvm.dll+0x6ba10a]
V  [jvm.dll+0x3557ea]
V  [jvm.dll+0x35d436]
V  [jvm.dll+0x3ae1be]
V  [jvm.dll+0x3ae468]
V  [jvm.dll+0x3291fc]
V  [jvm.dll+0x329d8b]
V  [jvm.dll+0x81d179]
V  [jvm.dll+0x3bb4f1]
V  [jvm.dll+0x805ae8]
V  [jvm.dll+0x44effe]
V  [jvm.dll+0x450901]
C  [jli.dll+0x52a3]
C  [ucrtbase.dll+0x29363]
C  [KERNEL32.DLL+0x1257d]
C  [ntdll.dll+0x5aa58]


---------------  P R O C E S S  ---------------

Threads class SMR info:
_java_thread_list=0x00007ffa20ee9b88, length=0, elements={
}

Java Threads: ( => current thread )
Total: 0

Other Threads:
  0x0000029d4416b580 WorkerThread "GC Thread#0"                     [id=29972, stack(0x000000c5e3700000,0x000000c5e3800000) (1024K)]
  0x0000029d4417c190 ConcurrentGCThread "G1 Main Marker"            [id=19168, stack(0x000000c5e3800000,0x000000c5e3900000) (1024K)]
  0x0000029d4417d4a0 WorkerThread "G1 Conc#0"                       [id=13636, stack(0x000000c5e3900000,0x000000c5e3a00000) (1024K)]

[error occurred during error reporting (printing all threads), id 0xc0000005, EXCEPTION_ACCESS_VIOLATION (0xc0000005) at pc=0x00007ffa2065c2c7]
VM state: not at safepoint (not fully initialized)

VM Mutex/Monitor currently owned by a thread:  ([mutex/lock_event])
[0x00007ffa20f5a6f8] Heap_lock - owner thread: 0x0000029d44109950

Heap address: 0x0000000705800000, size: 4008 MB, Compressed Oops mode: Zero based, Oop shift amount: 3

CDS archive(s) mapped at: [0x0000000000000000-0x0000000000000000-0x0000000000000000), size 0, SharedBaseAddress: 0x0000000800000000, ArchiveRelocationMode: 1.
Narrow klass base: 0x0000000000000000, Narrow klass shift: 0, Narrow klass range: 0x0

GC Precious Log:
 CardTable entry size: 512
 Card Set container configuration: InlinePtr #cards 4 size 8 Array Of Cards #cards 16 size 48 Howl #buckets 8 coarsen threshold 3686 Howl Bitmap #cards 512 size 80 coarsen threshold 460 Card regions per heap region 1 cards per card region 4096

Heap:
 garbage-first heap   total 0K, used 0K [0x0000000705800000, 0x0000000800000000)
  region size 2048K, 0 young (0K), 0 survivors (0K)

[error occurred during error reporting (printing heap information), id 0xc0000005, EXCEPTION_ACCESS_VIOLATION (0xc0000005) at pc=0x00007ffa20a41be9]
GC Heap History (0 events):
No events

Dll operation events (1 events):
Event: 0.004 Loaded shared library C:\Program Files\Java\jdk-21\bin\java.dll

Deoptimization events (0 events):
No events

Classes loaded (0 events):
No events

Classes unloaded (0 events):
No events

Classes redefined (0 events):
No events

Internal exceptions (0 events):
No events

ZGC Phase Switch (0 events):
No events

VM Operations (0 events):
No events

Events (0 events):
No events


Dynamic libraries:
0x00007ff633b90000 - 0x00007ff633ba0000 	C:\Program Files\Java\jdk-21\bin\java.exe
0x00007ffa919d0000 - 0x00007ffa91be7000 	C:\windows\SYSTEM32\ntdll.dll
0x00007ffa90940000 - 0x00007ffa90a04000 	C:\windows\System32\KERNEL32.DLL
0x00007ffa8ef70000 - 0x00007ffa8f316000 	C:\windows\System32\KERNELBASE.dll
0x00007ffa8ed10000 - 0x00007ffa8ee21000 	C:\windows\System32\ucrtbase.dll
0x00007ffa74a20000 - 0x00007ffa74a39000 	C:\Program Files\Java\jdk-21\bin\jli.dll
0x00007ffa74f40000 - 0x00007ffa74f5b000 	C:\Program Files\Java\jdk-21\bin\VCRUNTIME140.dll
0x00007ffa8f970000 - 0x00007ffa8fa23000 	C:\windows\System32\ADVAPI32.dll
0x00007ffa8f720000 - 0x00007ffa8f7c7000 	C:\windows\System32\msvcrt.dll
0x00007ffa90fd0000 - 0x00007ffa91078000 	C:\windows\System32\sechost.dll
0x00007ffa8f3e0000 - 0x00007ffa8f408000 	C:\windows\System32\bcrypt.dll
0x00007ffa8fa30000 - 0x00007ffa8fb47000 	C:\windows\System32\RPCRT4.dll
0x00007ffa90d60000 - 0x00007ffa90f0e000 	C:\windows\System32\USER32.dll
0x00007ffa8eed0000 - 0x00007ffa8eef6000 	C:\windows\System32\win32u.dll
0x00007ffa90440000 - 0x00007ffa90469000 	C:\windows\System32\GDI32.dll
0x00007ffa68dc0000 - 0x00007ffa69053000 	C:\windows\WinSxS\amd64_microsoft.windows.common-controls_6595b64144ccf1df_6.0.22621.2506_none_270c5ae97388e100\COMCTL32.dll
0x00007ffa8f410000 - 0x00007ffa8f528000 	C:\windows\System32\gdi32full.dll
0x00007ffa8ee30000 - 0x00007ffa8eeca000 	C:\windows\System32\msvcp_win.dll
0x00007ffa81830000 - 0x00007ffa8183a000 	C:\windows\SYSTEM32\VERSION.dll
0x00007ffa90ad0000 - 0x00007ffa90b01000 	C:\windows\System32\IMM32.DLL
0x00007ffa8b710000 - 0x00007ffa8b71c000 	C:\Program Files\Java\jdk-21\bin\vcruntime140_1.dll
0x00007ffa485a0000 - 0x00007ffa4862e000 	C:\Program Files\Java\jdk-21\bin\msvcp140.dll
0x00007ffa20320000 - 0x00007ffa21035000 	C:\Program Files\Java\jdk-21\bin\server\jvm.dll
0x00007ffa90b20000 - 0x00007ffa90b91000 	C:\windows\System32\WS2_32.dll
0x00007ffa8eb30000 - 0x00007ffa8eb7d000 	C:\windows\SYSTEM32\POWRPROF.dll
0x00007ffa83c90000 - 0x00007ffa83cc4000 	C:\windows\SYSTEM32\WINMM.dll
0x00007ffa8ea10000 - 0x00007ffa8ea23000 	C:\windows\SYSTEM32\UMPDC.dll
0x00007ffa8dcc0000 - 0x00007ffa8dcd8000 	C:\windows\SYSTEM32\kernel.appcore.dll
0x00007ffa86810000 - 0x00007ffa8681a000 	C:\Program Files\Java\jdk-21\bin\jimage.dll
0x00007ffa8c630000 - 0x00007ffa8c863000 	C:\windows\SYSTEM32\DBGHELP.DLL
0x00007ffa91600000 - 0x00007ffa91989000 	C:\windows\System32\combase.dll
0x00007ffa91520000 - 0x00007ffa915f7000 	C:\windows\System32\OLEAUT32.dll
0x00007ffa63220000 - 0x00007ffa63252000 	C:\windows\SYSTEM32\dbgcore.DLL
0x00007ffa8f6a0000 - 0x00007ffa8f71a000 	C:\windows\System32\bcryptPrimitives.dll
0x00007ffa74f20000 - 0x00007ffa74f3f000 	C:\Program Files\Java\jdk-21\bin\java.dll

dbghelp: loaded successfully - version: 4.0.5 - missing functions: none
symbol engine: initialized successfully - sym options: 0x614 - pdb path: .;C:\Program Files\Java\jdk-21\bin;C:\windows\SYSTEM32;C:\windows\WinSxS\amd64_microsoft.windows.common-controls_6595b64144ccf1df_6.0.22621.2506_none_270c5ae97388e100;C:\Program Files\Java\jdk-21\bin\server

VM Arguments:
jvm_args: -Dfile.encoding=UTF-8 --module-path=C:\Users\PRAJNA\Documents\NetBeansProjects\Placement management system\build\classes 
java_command: placement.management.system.AddStudent
java_class_path (initial): C:\Users\PRAJNA\Downloads\mysql-connector-java-8.0.28 (1).jar;C:\Users\PRAJNA\Documents\NetBeansProjects\Placement management system\build\classes
Launcher Type: SUN_STANDARD

[Global flags]
     intx CICompilerCount                          = 4                                         {product} {ergonomic}
     uint ConcGCThreads                            = 3                                         {product} {ergonomic}
     uint G1ConcRefinementThreads                  = 10                                        {product} {ergonomic}
   size_t G1HeapRegionSize                         = 2097152                                   {product} {ergonomic}
    uintx GCDrainStackTargetSize                   = 64                                        {product} {ergonomic}
   size_t InitialHeapSize                          = 264241152                                 {product} {ergonomic}
   size_t MarkStackSize                            = 4194304                                   {product} {ergonomic}
   size_t MaxHeapSize                              = 4202692608                                {product} {ergonomic}
   size_t MinHeapDeltaBytes                        = 2097152                                   {product} {ergonomic}
   size_t MinHeapSize                              = 8388608                                   {product} {ergonomic}
    uintx NonNMethodCodeHeapSize                   = 5839372                                {pd product} {ergonomic}
    uintx NonProfiledCodeHeapSize                  = 122909434                              {pd product} {ergonomic}
    uintx ProfiledCodeHeapSize                     = 122909434                              {pd product} {ergonomic}
    uintx ReservedCodeCacheSize                    = 251658240                              {pd product} {ergonomic}
     bool SegmentedCodeCache                       = true                                      {product} {ergonomic}
   size_t SoftMaxHeapSize                          = 4202692608                             {manageable} {ergonomic}
     bool UseCompressedOops                        = true                           {product lp64_product} {ergonomic}
     bool UseG1GC                                  = true                                      {product} {ergonomic}
     bool UseLargePagesIndividualAllocation        = false                                  {pd product} {ergonomic}

Logging:
Log output configuration:
 #0: stdout all=warning uptime,level,tags foldmultilines=false
 #1: stderr all=off uptime,level,tags foldmultilines=false

Environment Variables:
PATH=C:\Program Files\Common Files\Oracle\Java\javapath;C:\windows\system32;C:\windows;C:\windows\System32\Wbem;C:\windows\System32\WindowsPowerShell\v1.0\;C:\windows\System32\OpenSSH\;C:\Program Files\nodejs\;C:\Program Files\MongoDB\Server\7.0;C:\Program Files\Git\cmd;C:\Users\PRAJNA\AppData\Local\Programs\Python\Python312\Scripts\;C:\Users\PRAJNA\AppData\Local\Programs\Python\Python312\;C:\Users\PRAJNA\AppData\Local\Programs\Python\Python311\Scripts\;C:\Users\PRAJNA\AppData\Local\Programs\Python\Python311\;C:\Users\PRAJNA\AppData\Local\Microsoft\WindowsApps;;C:\Users\PRAJNA\AppData\Local\Programs\Microsoft VS Code\bin;C:\Users\PRAJNA\AppData\Roaming\npm;C:\Users\PRAJNA\AppData\Local\Programs\mongosh\
USERNAME=PRAJNA
OS=Windows_NT
PROCESSOR_IDENTIFIER=Intel64 Family 6 Model 186 Stepping 3, GenuineIntel
TMP=C:\Users\PRAJNA\AppData\Local\Temp
TEMP=C:\Users\PRAJNA\AppData\Local\Temp




Periodic native trim disabled

---------------  S Y S T E M  ---------------

OS:
 Windows 11 , 64 bit Build 22621 (10.0.22621.2506)
OS uptime: 2 days 14:12 hours
Hyper-V role detected

CPU: total 12 (initial active 12) (6 cores per cpu, 2 threads per core) family 6 model 186 stepping 3 microcode 0x4114, cx8, cmov, fxsr, ht, mmx, 3dnowpref, sse, sse2, sse3, ssse3, sse4.1, sse4.2, popcnt, lzcnt, tsc, tscinvbit, avx, avx2, aes, erms, clmul, bmi1, bmi2, adx, sha, fma, vzeroupper, clflush, clflushopt, clwb, hv, serialize, rdtscp, rdpid, fsrm, f16c, cet_ibt, cet_ss
Processor Information for processor 0
  Max Mhz: 1300, Current Mhz: 1300, Mhz Limit: 1300
Processor Information for processor 1
  Max Mhz: 1300, Current Mhz: 1300, Mhz Limit: 1300
Processor Information for processor 2
  Max Mhz: 1300, Current Mhz: 1300, Mhz Limit: 1300
Processor Information for processor 3
  Max Mhz: 1300, Current Mhz: 1300, Mhz Limit: 1300
Processor Information for processor 4
  Max Mhz: 1300, Current Mhz: 900, Mhz Limit: 897
Processor Information for processor 5
  Max Mhz: 1300, Current Mhz: 900, Mhz Limit: 897
Processor Information for processor 6
  Max Mhz: 1300, Current Mhz: 900, Mhz Limit: 897
Processor Information for processor 7
  Max Mhz: 1300, Current Mhz: 900, Mhz Limit: 897
Processor Information for processor 8
  Max Mhz: 1300, Current Mhz: 900, Mhz Limit: 897
Processor Information for processor 9
  Max Mhz: 1300, Current Mhz: 900, Mhz Limit: 897
Processor Information for processor 10
  Max Mhz: 1300, Current Mhz: 900, Mhz Limit: 897
Processor Information for processor 11
  Max Mhz: 1300, Current Mhz: 900, Mhz Limit: 897

Memory: 4k page, system-wide physical 16027M (3676M free)
TotalPageFile size 45395M (AvailPageFile size 119M)
current process WorkingSet (physical memory assigned to process): 11M, peak: 11M
current process commit charge ("private bytes"): 64M, peak: 316M

vm_info: Java HotSpot(TM) 64-Bit Server VM (21.0.1+12-LTS-29) for windows-amd64 JRE (21.0.1+12-LTS-29), built on 2023-10-05T13:27:09Z by "mach5one" with MS VC++ 17.1 (VS2022)

END.
